2025-03-14T21:56:52 | touched: hardhat.config.js
2026-01-22T06:01:01 | touched: test/Visiontransformer.test.js
2026-01-14T13:04:27 | touched: scripts/frontend-integration.js
2026-01-15T05:38:11 | touched: hardhat.config.js
2026-01-18T05:54:37 | touched: contracts/Visiontransformer.sol
2025-12-16T11:53:32 | touched: scripts/deploy.js
2026-01-16T16:12:48 | touched: README.md
2025-07-03T14:31:02 | touched: scripts/frontend-integration.js
2025-04-22T01:30:45 | touched: contracts/Visiontransformer.sol
2025-09-06T13:17:41 | touched: scripts/cli.js
2025-08-30T09:51:27 | touched: LICENSE
2025-02-05T02:40:00 | touched: hardhat.config.js
2025-10-15T06:50:33 | touched: scripts/api-server.js
2025-02-14T08:21:53 | touched: scripts/frontend-integration.js
2025-07-20T22:59:26 | touched: hardhat.config.js
2025-01-16T04:13:08 | touched: .env.example
2025-09-29T14:19:14 | touched: README.md
2025-04-16T23:00:02 | touched: package.json
2025-12-27T22:07:03 | touched: README.md
2025-02-22T20:34:53 | touched: test/Visiontransformer.test.js
2025-02-06T05:54:01 | touched: hardhat.config.js
2025-03-30T11:18:06 | touched: scripts/interact.js
2025-09-10T14:46:38 | touched: scripts/api-server.js
2025-05-06T07:27:42 | touched: scripts/api-server.js
2025-02-10T04:08:39 | touched: hardhat.config.js
2025-02-08T11:53:33 | touched: scripts/interact.js
2025-07-11T08:59:00 | touched: scripts/api-server.js
2025-04-08T17:40:02 | touched: scripts/api-server.js
2025-10-22T02:37:56 | touched: scripts/frontend-integration.js
2025-07-04T18:41:39 | touched: scripts/frontend-integration.js
2025-10-06T09:44:25 | touched: .env.example
